<?xml version="1.0" encoding="UTF-8"?>
<testsuite name="com.bowling.BowlingGameTest" tests="2" skipped="0" failures="0" errors="0" timestamp="2015-03-03T08:07:17" hostname="Andrews-MacBook-Pro-3.local" time="0.034">
  <properties/>
  <testcase name="testGutterGame" classname="com.bowling.BowlingGameTest" time="0.033"/>
  <testcase name="testAllOnes" classname="com.bowling.BowlingGameTest" time="0.0"/>
  <system-out><![CDATA[]]></system-out>
  <system-err><![CDATA[]]></system-err>
</testsuite>
