<?xml version="1.0" encoding="UTF-8"?>
<testsuite name="bowling.BowlingGameTest" tests="1" skipped="0" failures="0" errors="0" timestamp="2015-03-02T15:33:11" hostname="Andrews-MacBook-Pro-3.local" time="0.002">
  <properties/>
  <testcase name="testGutterGame" classname="bowling.BowlingGameTest" time="0.002"/>
  <system-out><![CDATA[]]></system-out>
  <system-err><![CDATA[]]></system-err>
</testsuite>
