<?xml version="1.0" encoding="UTF-8"?>
<testsuite name="com.bowling.BowlingGameTest" tests="1" skipped="0" failures="0" errors="0" timestamp="2015-03-03T07:51:30" hostname="Andrews-MacBook-Pro-3.local" time="0.028">
  <properties/>
  <testcase name="testGutterGame" classname="com.bowling.BowlingGameTest" time="0.028"/>
  <system-out><![CDATA[]]></system-out>
  <system-err><![CDATA[]]></system-err>
</testsuite>
