<?xml version="1.0" encoding="UTF-8"?>
<testsuite name="com.bowling.BowlingGameTest" tests="4" skipped="0" failures="0" errors="0" timestamp="2015-03-03T08:58:52" hostname="Andrews-MacBook-Pro-3.local" time="0.052">
  <properties/>
  <testcase name="testOneStrike" classname="com.bowling.BowlingGameTest" time="0.051"/>
  <testcase name="testGutterGame" classname="com.bowling.BowlingGameTest" time="0.0"/>
  <testcase name="testOneSpare" classname="com.bowling.BowlingGameTest" time="0.0"/>
  <testcase name="testAllOnes" classname="com.bowling.BowlingGameTest" time="0.0"/>
  <system-out><![CDATA[]]></system-out>
  <system-err><![CDATA[]]></system-err>
</testsuite>
